[INFO][request.go:11]2020/08/10 19:28:55 [Email.Email. Email Must be a valid email address]
[INFO][request.go:11]2020/08/10 19:28:55 [ReEmail.Email. ReEmail Must be a valid email address]
[INFO][request.go:11]2020/08/10 19:28:55 [Password.Required. Password Can not be empty]
[INFO][request.go:11]2020/08/10 19:28:55 [Password.MinSize. Password Minimum size is 8]
[INFO][request.go:11]2020/08/10 19:28:55 [RePassword.Required. RePassword Can not be empty]
[INFO][request.go:11]2020/08/10 19:28:55 [RePassword.MinSize. RePassword Minimum size is 8]
[INFO][request.go:11]2020/08/10 19:29:03 [Email.Email. Email Must be a valid email address]
[INFO][request.go:11]2020/08/10 19:29:03 [ReEmail.Email. ReEmail Must be a valid email address]
[INFO][request.go:11]2020/08/10 19:29:03 [Password.Required. Password Can not be empty]
[INFO][request.go:11]2020/08/10 19:29:03 [Password.MinSize. Password Minimum size is 8]
[INFO][request.go:11]2020/08/10 19:29:03 [RePassword.Required. RePassword Can not be empty]
[INFO][request.go:11]2020/08/10 19:29:03 [RePassword.MinSize. RePassword Minimum size is 8]
[INFO][request.go:11]2020/08/10 19:33:46 [Email.Email. Email Must be a valid email address]
[INFO][request.go:11]2020/08/10 19:33:46 [ReEmail.Email. ReEmail Must be a valid email address]
[INFO][request.go:11]2020/08/10 19:33:46 [Password.Required. Password Can not be empty]
[INFO][request.go:11]2020/08/10 19:33:46 [RePassword.Required. RePassword Can not be empty]
[INFO][request.go:11]2020/08/10 19:34:25 [Email.Required. Email Can not be empty]
[INFO][request.go:11]2020/08/10 19:34:25 [ReEmail.Required. ReEmail Can not be empty]
[INFO][request.go:11]2020/08/10 19:34:25 [Password.Required. Password Can not be empty]
[INFO][request.go:11]2020/08/10 19:34:25 [RePassword.Required. RePassword Can not be empty]
[INFO][request.go:11]2020/08/10 19:37:33 [Email.Required. Email Can not be empty]
[INFO][request.go:11]2020/08/10 19:37:33 [Email.Email. Email Must be a valid email address]
[INFO][request.go:11]2020/08/10 19:37:33 [ReEmail.Required. ReEmail Can not be empty]
[INFO][request.go:11]2020/08/10 19:37:33 [ReEmail.Email. ReEmail Must be a valid email address]
[INFO][request.go:11]2020/08/10 19:37:33 [Password.Required. Password Can not be empty]
[INFO][request.go:11]2020/08/10 19:37:33 [Password.MinSize. Password Minimum size is 8]
[INFO][request.go:11]2020/08/10 19:37:33 [RePassword.Required. RePassword Can not be empty]
[INFO][request.go:11]2020/08/10 19:37:33 [RePassword.MinSize. RePassword Minimum size is 8]
[INFO][request.go:11]2020/08/10 19:42:28 [Email.Email. Email Must be a valid email address]
[INFO][request.go:11]2020/08/10 19:42:28 [ReEmail.Required. ReEmail Can not be empty]
[INFO][request.go:11]2020/08/10 19:42:28 [ReEmail.Email. ReEmail Must be a valid email address]
[INFO][request.go:11]2020/08/10 19:42:28 [Password.Required. Password Can not be empty]
[INFO][request.go:11]2020/08/10 19:42:28 [Password.MinSize. Password Minimum size is 8]
[INFO][request.go:11]2020/08/10 19:42:28 [RePassword.Required. RePassword Can not be empty]
[INFO][request.go:11]2020/08/10 19:42:28 [RePassword.MinSize. RePassword Minimum size is 8]
[INFO][request.go:11]2020/08/10 19:43:01 [Email.Required. Email Can not be empty]
[INFO][request.go:11]2020/08/10 19:43:01 [Email.Email. Email Must be a valid email address]
[INFO][request.go:11]2020/08/10 19:43:01 [ReEmail.Required. ReEmail Can not be empty]
[INFO][request.go:11]2020/08/10 19:43:01 [ReEmail.Email. ReEmail Must be a valid email address]
[INFO][request.go:11]2020/08/10 19:43:01 [Password.Required. Password Can not be empty]
[INFO][request.go:11]2020/08/10 19:43:01 [Password.MinSize. Password Minimum size is 8]
[INFO][request.go:11]2020/08/10 19:43:01 [RePassword.Required. RePassword Can not be empty]
[INFO][request.go:11]2020/08/10 19:43:01 [RePassword.MinSize. RePassword Minimum size is 8]
[INFO][request.go:11]2020/08/10 19:43:19 [ReEmail.Required. ReEmail Can not be empty]
[INFO][request.go:11]2020/08/10 19:43:19 [ReEmail.Email. ReEmail Must be a valid email address]
[INFO][request.go:11]2020/08/10 19:43:19 [Password.Required. Password Can not be empty]
[INFO][request.go:11]2020/08/10 19:43:19 [Password.MinSize. Password Minimum size is 8]
[INFO][request.go:11]2020/08/10 19:43:19 [RePassword.Required. RePassword Can not be empty]
[INFO][request.go:11]2020/08/10 19:43:19 [RePassword.MinSize. RePassword Minimum size is 8]
[INFO][request.go:11]2020/08/10 19:45:15 [ReEmail.Required. ReEmail Can not be empty]
[INFO][request.go:11]2020/08/10 19:45:15 [ReEmail.Email. ReEmail Must be a valid email address]
[INFO][request.go:11]2020/08/10 19:45:15 [Password.Required. Password Can not be empty]
[INFO][request.go:11]2020/08/10 19:45:15 [Password.MinSize. Password Minimum size is 8]
[INFO][request.go:11]2020/08/10 19:45:15 [RePassword.Required. RePassword Can not be empty]
[INFO][request.go:11]2020/08/10 19:45:15 [RePassword.MinSize. RePassword Minimum size is 8]
[INFO][request.go:11]2020/08/10 19:46:46 [Email.Required. Email Can not be empty]
[INFO][request.go:11]2020/08/10 19:46:46 [Email.Email. Email Must be a valid email address]
[INFO][request.go:11]2020/08/10 19:46:46 [Password.Required. Password Can not be empty]
[INFO][request.go:11]2020/08/10 19:46:46 [Password.MinSize. Password Minimum size is 8]
[INFO][request.go:11]2020/08/10 19:50:04 [ReEmail.Required. ReEmail Can not be empty]
[INFO][request.go:11]2020/08/10 19:50:04 [ReEmail.Email. ReEmail Must be a valid email address]
[INFO][request.go:11]2020/08/10 19:50:04 [Password.Required. Password Can not be empty]
[INFO][request.go:11]2020/08/10 19:50:04 [Password.MinSize. Password Minimum size is 8]
[INFO][request.go:11]2020/08/10 19:50:04 [RePassword.Required. RePassword Can not be empty]
[INFO][request.go:11]2020/08/10 19:50:04 [RePassword.MinSize. RePassword Minimum size is 8]
[INFO][request.go:11]2020/08/10 19:57:51 [Email.Required. Email Can not be empty]
[INFO][request.go:11]2020/08/10 19:57:51 [Email.Email. Email Must be a valid email address]
[INFO][request.go:11]2020/08/10 19:57:51 [ReEmail.Required. ReEmail Can not be empty]
[INFO][request.go:11]2020/08/10 19:57:51 [ReEmail.Email. ReEmail Must be a valid email address]
[INFO][request.go:11]2020/08/10 19:57:51 [Password.Required. Password Can not be empty]
[INFO][request.go:11]2020/08/10 19:57:51 [Password.MinSize. Password Minimum size is 8]
[INFO][request.go:11]2020/08/10 19:57:51 [RePassword.Required. RePassword Can not be empty]
[INFO][request.go:11]2020/08/10 19:57:51 [RePassword.MinSize. RePassword Minimum size is 8]
[INFO][request.go:11]2020/08/10 19:59:45 [Email.Required. Email Can not be empty]
[INFO][request.go:11]2020/08/10 19:59:45 [Email.Email. Email Must be a valid email address]
[INFO][request.go:11]2020/08/10 19:59:45 [ReEmail.Required. ReEmail Can not be empty]
[INFO][request.go:11]2020/08/10 19:59:45 [ReEmail.Email. ReEmail Must be a valid email address]
[INFO][request.go:11]2020/08/10 19:59:45 [Password.Required. Password Can not be empty]
[INFO][request.go:11]2020/08/10 19:59:45 [Password.MinSize. Password Minimum size is 8]
[INFO][request.go:11]2020/08/10 19:59:45 [RePassword.Required. RePassword Can not be empty]
[INFO][request.go:11]2020/08/10 19:59:45 [RePassword.MinSize. RePassword Minimum size is 8]
