[INFO][request.go:11]2020/08/11 04:53:58 [Email.Required. Email Can not be empty]
[INFO][request.go:11]2020/08/11 04:53:58 [Email.Email. Email Must be a valid email address]
[INFO][request.go:11]2020/08/11 04:53:58 [ReEmail.Required. ReEmail Can not be empty]
[INFO][request.go:11]2020/08/11 04:53:58 [ReEmail.Email. ReEmail Must be a valid email address]
[INFO][request.go:11]2020/08/11 04:53:58 [Password.Required. Password Can not be empty]
[INFO][request.go:11]2020/08/11 04:53:58 [Password.MinSize. Password Minimum size is 8]
[INFO][request.go:11]2020/08/11 04:53:58 [RePassword.Required. RePassword Can not be empty]
[INFO][request.go:11]2020/08/11 04:53:58 [RePassword.MinSize. RePassword Minimum size is 8]
[INFO][request.go:11]2020/08/11 04:54:02 [Email.Required. Email Can not be empty]
[INFO][request.go:11]2020/08/11 04:54:02 [Email.Email. Email Must be a valid email address]
[INFO][request.go:11]2020/08/11 04:54:02 [ReEmail.Required. ReEmail Can not be empty]
[INFO][request.go:11]2020/08/11 04:54:02 [ReEmail.Email. ReEmail Must be a valid email address]
[INFO][request.go:11]2020/08/11 04:54:02 [Password.Required. Password Can not be empty]
[INFO][request.go:11]2020/08/11 04:54:02 [Password.MinSize. Password Minimum size is 8]
[INFO][request.go:11]2020/08/11 04:54:02 [RePassword.Required. RePassword Can not be empty]
[INFO][request.go:11]2020/08/11 04:54:02 [RePassword.MinSize. RePassword Minimum size is 8]
[INFO][request.go:11]2020/08/11 04:54:04 [Email.Required. Email Can not be empty]
[INFO][request.go:11]2020/08/11 04:54:04 [Email.Email. Email Must be a valid email address]
[INFO][request.go:11]2020/08/11 04:54:04 [ReEmail.Required. ReEmail Can not be empty]
[INFO][request.go:11]2020/08/11 04:54:04 [ReEmail.Email. ReEmail Must be a valid email address]
[INFO][request.go:11]2020/08/11 04:54:04 [Password.Required. Password Can not be empty]
[INFO][request.go:11]2020/08/11 04:54:04 [Password.MinSize. Password Minimum size is 8]
[INFO][request.go:11]2020/08/11 04:54:04 [RePassword.Required. RePassword Can not be empty]
[INFO][request.go:11]2020/08/11 04:54:04 [RePassword.MinSize. RePassword Minimum size is 8]
[INFO][request.go:11]2020/08/11 04:54:05 [Email.Required. Email Can not be empty]
[INFO][request.go:11]2020/08/11 04:54:05 [Email.Email. Email Must be a valid email address]
[INFO][request.go:11]2020/08/11 04:54:05 [ReEmail.Required. ReEmail Can not be empty]
[INFO][request.go:11]2020/08/11 04:54:05 [ReEmail.Email. ReEmail Must be a valid email address]
[INFO][request.go:11]2020/08/11 04:54:05 [Password.Required. Password Can not be empty]
[INFO][request.go:11]2020/08/11 04:54:05 [Password.MinSize. Password Minimum size is 8]
[INFO][request.go:11]2020/08/11 04:54:05 [RePassword.Required. RePassword Can not be empty]
[INFO][request.go:11]2020/08/11 04:54:05 [RePassword.MinSize. RePassword Minimum size is 8]
[INFO][request.go:11]2020/08/11 04:57:19 [Email.Required. Email Can not be empty]
[INFO][request.go:11]2020/08/11 04:57:19 [Email.Email. Email Must be a valid email address]
[INFO][request.go:11]2020/08/11 04:57:19 [ReEmail.Required. ReEmail Can not be empty]
[INFO][request.go:11]2020/08/11 04:57:19 [ReEmail.Email. ReEmail Must be a valid email address]
[INFO][request.go:11]2020/08/11 04:57:19 [Password.Required. Password Can not be empty]
[INFO][request.go:11]2020/08/11 04:57:19 [Password.MinSize. Password Minimum size is 8]
[INFO][request.go:11]2020/08/11 04:57:19 [RePassword.Required. RePassword Can not be empty]
[INFO][request.go:11]2020/08/11 04:57:19 [RePassword.MinSize. RePassword Minimum size is 8]
[INFO][request.go:11]2020/08/11 18:33:31 [MemberId.Min. MemberId Minimum is 1]
